[21:49:53] [main/INFO]: Loading Minecraft 1.20.1 with Fabric Loader 0.16.3
[21:49:54] [ForkJoinPool-1-worker-4/WARN]: Mod tectonic uses the version 2.3.5b which isn't compatible with Loader's extended semantic version format (Could not parse version number component '5b'!), SemVer is recommended for reliably evaluating dependencies and prioritizing newer version
[21:49:54] [main/INFO]: Loading 83 mods:
	- c2me 0.2.0+alpha.11.13
	   |-- c2me-base 0.2.0+alpha.11.13
	   |-- c2me-client-uncapvd 0.2.0+alpha.11.13
	   |-- c2me-fixes-chunkio-threading-issues 0.2.0+alpha.11.13
	   |-- c2me-fixes-general-threading-issues 0.2.0+alpha.11.13
	   |-- c2me-fixes-worldgen-threading-issues 0.2.0+alpha.11.13
	   |-- c2me-fixes-worldgen-vanilla-bugs 0.2.0+alpha.11.13
	   |-- c2me-notickvd 0.2.0+alpha.11.13
	   |-- c2me-opts-allocs 0.2.0+alpha.11.13
	   |-- c2me-opts-chunk-access 0.2.0+alpha.11.13
	   |-- c2me-opts-chunkio 0.2.0+alpha.11.13
	   |-- c2me-opts-math 0.2.0+alpha.11.13
	   |-- c2me-opts-scheduling 0.2.0+alpha.11.13
	   |-- c2me-opts-worldgen-general 0.2.0+alpha.11.13
	   |-- c2me-opts-worldgen-vanilla 0.2.0+alpha.11.13
	   |-- c2me-rewrites-chunk-serializer 0.2.0+alpha.11.13
	   |-- c2me-rewrites-chunkio 0.2.0+alpha.11.13
	   |-- c2me-server-utils 0.2.0+alpha.11.13
	   |-- c2me-threading-chunkio 0.2.0+alpha.11.13
	   |-- c2me-threading-lighting 0.2.0+alpha.11.13
	   |-- c2me-threading-worldgen 0.2.0+alpha.11.13
	   |-- com_electronwill_night-config_core 3.6.5
	   |-- com_electronwill_night-config_toml 3.6.5
	   |-- com_ibm_async_asyncutil 0.1.0
	   |-- net_objecthunter_exp4j 0.4.8
	   \-- org_threadly_threadly 7.0
	- chunky 1.3.146
	- easyanvils 8.0.2
	- easymagic 8.0.1
	- fabric-api 0.92.2+1.20.1
	   |-- fabric-api-base 0.4.31+1802ada577
	   |-- fabric-api-lookup-api-v1 1.6.36+1802ada577
	   |-- fabric-biome-api-v1 13.0.13+1802ada577
	   |-- fabric-block-api-v1 1.0.11+1802ada577
	   |-- fabric-block-view-api-v2 1.0.1+1802ada577
	   |-- fabric-blockrenderlayer-v1 1.1.41+1802ada577
	   |-- fabric-client-tags-api-v1 1.1.2+1802ada577
	   |-- fabric-command-api-v1 1.2.34+f71b366f77
	   |-- fabric-command-api-v2 2.2.13+1802ada577
	   |-- fabric-commands-v0 0.2.51+df3654b377
	   |-- fabric-containers-v0 0.1.64+df3654b377
	   |-- fabric-content-registries-v0 4.0.11+1802ada577
	   |-- fabric-convention-tags-v1 1.5.5+1802ada577
	   |-- fabric-crash-report-info-v1 0.2.19+1802ada577
	   |-- fabric-data-attachment-api-v1 1.0.0+de0fd6d177
	   |-- fabric-data-generation-api-v1 12.3.4+1802ada577
	   |-- fabric-dimensions-v1 2.1.54+1802ada577
	   |-- fabric-entity-events-v1 1.6.0+1c78457f77
	   |-- fabric-events-interaction-v0 0.6.2+1802ada577
	   |-- fabric-events-lifecycle-v0 0.2.63+df3654b377
	   |-- fabric-game-rule-api-v1 1.0.40+1802ada577
	   |-- fabric-item-api-v1 2.1.28+1802ada577
	   |-- fabric-item-group-api-v1 4.0.12+1802ada577
	   |-- fabric-key-binding-api-v1 1.0.37+1802ada577
	   |-- fabric-keybindings-v0 0.2.35+df3654b377
	   |-- fabric-lifecycle-events-v1 2.2.22+1802ada577
	   |-- fabric-loot-api-v2 1.2.1+1802ada577
	   |-- fabric-loot-tables-v1 1.1.45+9e7660c677
	   |-- fabric-message-api-v1 5.1.9+1802ada577
	   |-- fabric-mining-level-api-v1 2.1.50+1802ada577
	   |-- fabric-model-loading-api-v1 1.0.3+1802ada577
	   |-- fabric-models-v0 0.4.2+9386d8a777
	   |-- fabric-networking-api-v1 1.3.11+1802ada577
	   |-- fabric-networking-v0 0.3.51+df3654b377
	   |-- fabric-object-builder-api-v1 11.1.3+1802ada577
	   |-- fabric-particles-v1 1.1.2+1802ada577
	   |-- fabric-recipe-api-v1 1.0.21+1802ada577
	   |-- fabric-registry-sync-v0 2.3.3+1802ada577
	   |-- fabric-renderer-api-v1 3.2.1+1802ada577
	   |-- fabric-renderer-indigo 1.5.2+85287f9f77
	   |-- fabric-renderer-registries-v1 3.2.46+df3654b377
	   |-- fabric-rendering-data-attachment-v1 0.3.37+92a0d36777
	   |-- fabric-rendering-fluids-v1 3.0.28+1802ada577
	   |-- fabric-rendering-v0 1.1.49+df3654b377
	   |-- fabric-rendering-v1 3.0.8+1802ada577
	   |-- fabric-resource-conditions-api-v1 2.3.8+1802ada577
	   |-- fabric-resource-loader-v0 0.11.10+1802ada577
	   |-- fabric-screen-api-v1 2.0.8+1802ada577
	   |-- fabric-screen-handler-api-v1 1.3.30+1802ada577
	   |-- fabric-sound-api-v1 1.0.13+1802ada577
	   |-- fabric-transfer-api-v1 3.3.5+8dd72ea377
	   \-- fabric-transitive-access-wideners-v1 4.3.1+1802ada577
	- fabricloader 0.16.3
	   \-- mixinextras 0.4.1
	- forgeconfigapiport 8.0.2
	- java 17
	- jjthunder_to_the_max 1.0.0
	- lithostitched 1.4.11
	- mes 1.3.4-1.20-fabric
	- minecraft 1.20.1
	- mns 1.0.3-1.20-fabric
	- mr_lithosphere 1.2
	- mvs 4.1.5-1.20-fabric
	- puzzleslib 8.1.32
	   \-- puzzlesaccessapi 20.1.1
	- tectonic 2.3.5b
	- terralith 2.5.4
[21:49:54] [main/INFO]: SpongePowered MIXIN Subsystem Version=0.8.7 Source=file:/workspaces/ServerMIn1/servidor_minecraft/libraries/net/fabricmc/sponge-mixin/0.15.2+mixin.0.8.7/sponge-mixin-0.15.2+mixin.0.8.7.jar Service=Knot/Fabric Env=SERVER
[21:49:54] [main/INFO]: Compatibility level set to JAVA_16
[21:49:54] [main/INFO]: Compatibility level set to JAVA_17
[21:49:54] [main/INFO]: Initializing com.ishland.c2me.base.mixin
[21:49:54] [main/INFO]: Initializing com.ishland.c2me.fixes.chunkio.threading_issues.mixin
[21:49:54] [main/INFO]: Initializing com.ishland.c2me.fixes.general.threading_issues.mixin
[21:49:54] [main/INFO]: Initializing com.ishland.c2me.fixes.worldgen.threading_issues.mixin
[21:49:54] [main/INFO]: Initializing com.ishland.c2me.fixes.worldgen.vanilla_bugs.mixin
[21:49:54] [main/INFO]: Initializing com.ishland.c2me.notickvd.mixin
[21:49:54] [main/INFO]: Initializing com.ishland.c2me.opts.allocs.mixin
[21:49:54] [main/INFO]: Initializing com.ishland.c2me.opts.chunk_access.mixin
[21:49:54] [main/INFO]: Initializing com.ishland.c2me.opts.chunkio.mixin
[21:49:54] [main/INFO]: Initializing com.ishland.c2me.opts.math.mixin
[21:49:54] [main/INFO]: Initializing com.ishland.c2me.opts.scheduling.mixin
[21:49:54] [main/INFO]: Initializing com.ishland.c2me.opts.worldgen.general.mixin
[21:49:54] [main/INFO]: Initializing com.ishland.c2me.opts.worldgen.vanilla.mixin
[21:49:54] [main/INFO]: Initializing com.ishland.c2me.rewrites.chunk_serializer.mixin
[21:49:54] [main/INFO]: Disabling com.ishland.c2me.rewrites.chunk_serializer.mixin
[21:49:54] [main/INFO]: Initializing com.ishland.c2me.rewrites.chunkio.mixin
[21:49:54] [main/INFO]: Disabling com.ishland.c2me.rewrites.chunkio.mixin
[21:49:54] [main/INFO]: Initializing com.ishland.c2me.server.utils.mixin
[21:49:54] [main/INFO]: Initializing com.ishland.c2me.threading.chunkio.mixin
[21:49:54] [main/INFO]: Initializing com.ishland.c2me.threading.lighting.mixin
[21:49:54] [main/INFO]: Initializing com.ishland.c2me.threading.worldgen.mixin
[21:49:54] [main/INFO]: Disabling com.ishland.c2me.threading.worldgen.mixin
[21:49:54] [main/WARN]: Reference map 'puzzlesaccessapi.common.refmap.json' for puzzlesaccessapi.common.mixins.json could not be read. If this is a development environment you can ignore this message
[21:49:54] [main/WARN]: Reference map 'puzzlesaccessapi.fabric.refmap.json' for puzzlesaccessapi.fabric.mixins.json could not be read. If this is a development environment you can ignore this message
[21:49:55] [main/INFO]: Initializing MixinExtras via com.llamalad7.mixinextras.service.MixinExtrasServiceImpl(version=0.4.1).
[21:50:01] [main/INFO]: Constructing common components for easyanvils:main
[21:50:02] [main/INFO]: Constructing common components for easymagic:main
[21:50:02] [main/INFO]: Hello Fabric world!
[21:50:02] [main/INFO]: Constructing common components for puzzleslib:main
[21:50:02] [main/INFO]: Environment: authHost='https://authserver.mojang.com', accountsHost='https://api.mojang.com', sessionHost='https://sessionserver.mojang.com', servicesHost='https://api.minecraftservices.com', name='PROD'
[21:50:04] [main/INFO]: Loaded 7 recipes
[21:50:04] [main/INFO]: Loaded 1271 advancements
[21:50:05] [main/INFO]: Applied 0 biome modifications to 0 of 163 new biomes in 2.798 ms
[21:50:05] [Server thread/INFO]: Loading server config for easyanvils
[21:50:05] [Thread-2/INFO]: Reloading server config for easyanvils
[21:50:05] [Thread-2/INFO]: Reloading server config for easyanvils
[21:50:05] [Server thread/INFO]: Loading server config for easymagic
[21:50:05] [Thread-2/INFO]: Reloading server config for easymagic
[21:50:05] [Thread-2/INFO]: Reloading server config for easymagic
[21:50:05] [Server thread/INFO]: Starting minecraft server version 1.20.1
[21:50:05] [Server thread/INFO]: Loading properties
[21:50:05] [Server thread/INFO]: Default game type: SURVIVAL
[21:50:05] [Server thread/INFO]: Generating keypair
[21:50:05] [Server thread/INFO]: Starting Minecraft server on *:25565
[21:50:05] [Server thread/INFO]: Using epoll channel type
[21:50:05] [Server thread/WARN]: **** SERVER IS RUNNING IN OFFLINE/INSECURE MODE!
[21:50:05] [Server thread/WARN]: The server will make no attempt to authenticate usernames. Beware.
[21:50:05] [Server thread/WARN]: While this makes the game possible to play without internet access, it also opens up the ability for hackers to connect with any username they choose.
[21:50:05] [Server thread/WARN]: To change this, set "online-mode" to "true" in the server.properties file.
[21:50:05] [Server thread/INFO]: Preparing level "world"
[21:50:05] [Server thread/INFO]: Enforcing safe world random access
[21:50:10] [Server thread/INFO]: Preparing start region for dimension minecraft:overworld
[21:50:11] [Worker-Main-2/INFO]: Preparing spawn area: 0%
[21:50:11] [Worker-Main-3/INFO]: Preparing spawn area: 0%
[21:50:11] [Worker-Main-3/INFO]: Preparing spawn area: 0%
[21:50:12] [Worker-Main-1/INFO]: Preparing spawn area: 0%
[21:50:12] [Worker-Main-3/INFO]: Preparing spawn area: 0%
[21:50:13] [Worker-Main-2/INFO]: Preparing spawn area: 0%
[21:50:13] [Worker-Main-2/INFO]: Preparing spawn area: 0%
[21:50:14] [Worker-Main-1/INFO]: Preparing spawn area: 0%
[21:50:14] [Worker-Main-3/INFO]: Preparing spawn area: 0%
[21:50:15] [Worker-Main-1/INFO]: Preparing spawn area: 0%
[21:50:15] [Worker-Main-2/INFO]: Preparing spawn area: 0%
[21:50:16] [Worker-Main-1/INFO]: Preparing spawn area: 2%
[21:50:16] [Worker-Main-2/INFO]: Preparing spawn area: 17%
[21:50:17] [Worker-Main-3/INFO]: Preparing spawn area: 24%
[21:50:17] [Worker-Main-2/INFO]: Preparing spawn area: 36%
[21:50:18] [Worker-Main-2/INFO]: Preparing spawn area: 61%
[21:50:18] [Server thread/INFO]: Time elapsed: 7896 ms
[21:50:18] [Server thread/INFO]: Done (12.747s)! For help, type "help"
[21:50:50] [Server thread/INFO]: LuSDxc[/127.26.149.131:58323] logged in with entity id 25 at (-2252.6149584504747, 63.0, 1809.699999988079)
[21:50:50] [Server thread/INFO]: LuSDxc joined the game
[21:50:52] [Server thread/INFO]: LuSDxc lost connection: Disconnected
[21:50:52] [Server thread/INFO]: LuSDxc left the game
[21:50:52] [Server thread/WARN]: handleDisconnection() called twice
[21:52:54] [Server thread/INFO]: LuSDxc[/127.26.149.131:45993] logged in with entity id 54 at (-2252.6149584504747, 63.0, 1809.699999988079)
[21:52:54] [Server thread/INFO]: LuSDxc joined the game
[21:54:30] [Server thread/INFO]: LuSDxc lost connection: Disconnected
[21:54:30] [Server thread/INFO]: LuSDxc left the game
[21:56:45] [Server thread/INFO]: com.mojang.authlib.GameProfile@2711b122[id=<null>,name=LuSDxc,properties={},legacy=false] (/127.26.149.131:59759) lost connection: Disconnected
[21:56:50] [Server thread/INFO]: LuSDxc[/127.26.149.131:36521] logged in with entity id 472 at (-2260.9626749055255, 84.0, 1842.601427873958)
[21:56:50] [Server thread/INFO]: LuSDxc joined the game
[22:10:06] [Server thread/INFO]: LuSDxc has made the advancement [Fishy Business]
[22:38:27] [Server thread/INFO]: LuSDxc has made the advancement [Sneak 100]
[22:43:11] [Server thread/INFO]: LuSDxc has completed the challenge [It Spreads]
[22:46:51] [Server thread/INFO]: Villager class_1646['Toolsmith'/9984, l='ServerLevel[world]', x=-1869.92, y=63.00, z=2205.52] died, message: 'Toolsmith was slain by Zombie'
[22:46:57] [Server thread/INFO]: Villager class_1646['Armorer'/9985, l='ServerLevel[world]', x=-1866.73, y=68.06, z=2224.51] died, message: 'Armorer was slain by Zombie'
[22:48:55] [Server thread/INFO]: Villager class_1646['Armorer'/9986, l='ServerLevel[world]', x=-1874.30, y=63.00, z=2231.01] died, message: 'Armorer was slain by Zombie'
[23:05:29] [Server thread/INFO]: LuSDxc lost connection: Disconnected
[23:05:29] [Server thread/INFO]: LuSDxc left the game
[23:05:36] [Server thread/INFO]: Stopping server
[23:05:36] [Server thread/INFO]: Saving players
[23:05:36] [Server thread/INFO]: Saving worlds
[23:05:37] [Server thread/INFO]: Saving chunks for level 'ServerLevel[world]'/minecraft:overworld
[23:05:37] [Server thread/INFO]: Saving chunks for level 'ServerLevel[world]'/minecraft:the_nether
[23:05:37] [Server thread/INFO]: Saving chunks for level 'ServerLevel[world]'/minecraft:the_end
[23:05:37] [Server thread/INFO]: ThreadedAnvilChunkStorage (world): All chunks are saved
[23:05:37] [Server thread/INFO]: ThreadedAnvilChunkStorage (DIM-1): All chunks are saved
[23:05:37] [Server thread/INFO]: ThreadedAnvilChunkStorage (DIM1): All chunks are saved
[23:05:37] [Server thread/INFO]: ThreadedAnvilChunkStorage: All dimensions are saved
